<?xml version="1.0" encoding="UTF-8"?>
<!-- Generated by org.testng.reporters.JUnitXMLReporter -->
<testsuite hostname="LAPTOP-IUU0QH56" ignored="4" name="test" tests="1" failures="0" timestamp="30 Jan 2019 06:14:14 GMT" time="19.513" errors="0">
  <testcase name="validateSearchFieldTest" time="7.173" classname="com.sw.ui.Starwars.StarwarsHomePageValidationTest"/>
  <testcase name="validateHomePageMenuOptions" time="0.0" classname="com.sw.ui.Starwars.StarwarsHomePageValidationTest">
    <ignored/>
  </testcase> <!-- validateHomePageMenuOptions -->
  <testcase name="starwarsSignUpPageValidationTest" time="0.0" classname="com.sw.ui.Starwars.StarwarsLoginTest">
    <ignored/>
  </testcase> <!-- starwarsSignUpPageValidationTest -->
  <testcase name="starwarsSignInTest" time="0.0" classname="com.sw.ui.Starwars.StarwarsLoginTest">
    <ignored/>
  </testcase> <!-- starwarsSignInTest -->
  <testcase name="verifyStarwarsSocialPage" time="0.0" classname="com.sw.ui.Starwars.StarwarsHomePageValidationTest">
    <ignored/>
  </testcase> <!-- verifyStarwarsSocialPage -->
</testsuite> <!-- test -->
