<?xml version="1.0" encoding="UTF-8"?>
<testng-results skipped="0" failed="0" ignored="4" total="5" passed="1">
  <reporter-output>
  </reporter-output>
  <suite name="Suite" duration-ms="19513" started-at="2019-01-30T06:13:54Z" finished-at="2019-01-30T06:14:14Z">
    <groups>
      <group name="FunctionalTest1">
        <method signature="StarwarsHomePageValidationTest.validateSearchFieldTest()[pri:0, instance:com.sw.ui.Starwars.StarwarsHomePageValidationTest@2db7a79b]" name="validateSearchFieldTest" class="com.sw.ui.Starwars.StarwarsHomePageValidationTest"/>
      </group> <!-- FunctionalTest1 -->
    </groups>
    <test name="test" duration-ms="19513" started-at="2019-01-30T06:13:54Z" finished-at="2019-01-30T06:14:14Z">
      <class name="com.sw.ui.Starwars.StarwarsHomePageValidationTest">
        <test-method status="PASS" signature="setUp()[pri:0, instance:com.sw.ui.Starwars.StarwarsHomePageValidationTest@2db7a79b]" name="setUp" is-config="true" duration-ms="10729" started-at="2019-01-30T06:13:54Z" finished-at="2019-01-30T06:14:05Z">
          <reporter-output>
          </reporter-output>
        </test-method> <!-- setUp -->
        <test-method status="PASS" signature="validateSearchFieldTest()[pri:0, instance:com.sw.ui.Starwars.StarwarsHomePageValidationTest@2db7a79b]" name="validateSearchFieldTest" duration-ms="7173" started-at="2019-01-30T06:14:05Z" finished-at="2019-01-30T06:14:12Z">
          <reporter-output>
          </reporter-output>
        </test-method> <!-- validateSearchFieldTest -->
        <test-method status="PASS" signature="tearDown()[pri:0, instance:com.sw.ui.Starwars.StarwarsHomePageValidationTest@2db7a79b]" name="tearDown" is-config="true" duration-ms="1564" started-at="2019-01-30T06:14:12Z" finished-at="2019-01-30T06:14:14Z">
          <reporter-output>
          </reporter-output>
        </test-method> <!-- tearDown -->
      </class> <!-- com.sw.ui.Starwars.StarwarsHomePageValidationTest -->
    </test> <!-- test -->
  </suite> <!-- Suite -->
</testng-results>
